0 info it worked if it ends with ok
1 verbose cli [ 'node', '/usr/local/bin/npm', 'install', 'mongodb', '-g' ]
2 info using npm@2.12.1
3 info using node@v0.12.7
4 verbose node symlink /usr/local/bin/node
5 verbose install initial load of /usr/local/lib/package.json
6 verbose readDependencies loading dependencies from /usr/local/lib/package.json
7 silly cache add args [ 'mongodb', null ]
8 verbose cache add spec mongodb
9 silly cache add parsed spec { raw: 'mongodb',
9 silly cache add   scope: null,
9 silly cache add   name: 'mongodb',
9 silly cache add   rawSpec: '',
9 silly cache add   spec: '*',
9 silly cache add   type: 'range' }
10 silly addNamed mongodb@*
11 verbose addNamed "*" is a valid semver range for mongodb
12 silly addNameRange { name: 'mongodb', range: '*', hasData: false }
13 silly mapToRegistry name mongodb
14 silly mapToRegistry using default registry
15 silly mapToRegistry registry https://registry.npmjs.org/
16 silly mapToRegistry uri https://registry.npmjs.org/mongodb
17 verbose addNameRange registry:https://registry.npmjs.org/mongodb not in flight; fetching
18 verbose request uri https://registry.npmjs.org/mongodb
19 verbose request no auth needed
20 info attempt registry request try #1 at 10:25:35
21 verbose request id fe7c1dfeef3be294
22 http request GET https://registry.npmjs.org/mongodb
23 http 200 https://registry.npmjs.org/mongodb
24 silly get cb [ 200,
24 silly get   { server: 'CouchDB/1.5.0 (Erlang OTP/R16B03)',
24 silly get     etag: '"F21DHIJMHE84ITXKAHBSV4RUO"',
24 silly get     'content-type': 'application/json',
24 silly get     'cache-control': 'max-age=60',
24 silly get     'content-length': '476860',
24 silly get     'accept-ranges': 'bytes',
24 silly get     date: 'Thu, 17 Sep 2015 17:25:35 GMT',
24 silly get     via: '1.1 varnish',
24 silly get     age: '0',
24 silly get     connection: 'keep-alive',
24 silly get     'x-served-by': 'cache-lax1429-LAX',
24 silly get     'x-cache': 'HIT',
24 silly get     'x-cache-hits': '1',
24 silly get     'x-timer': 'S1442510735.731614,VS0,VE80',
24 silly get     vary: 'Accept' } ]
25 verbose get saving mongodb to /Users/priya.bhasin/.npm/registry.npmjs.org/mongodb/.cache.json
26 silly addNameRange number 2 { name: 'mongodb', range: '*', hasData: true }
27 silly addNameRange versions [ 'mongodb',
27 silly addNameRange   [ '0.9.4',
27 silly addNameRange     '0.9.4-4',
27 silly addNameRange     '0.9.3',
27 silly addNameRange     '0.9.1',
27 silly addNameRange     '0.9.2',
27 silly addNameRange     '0.9.6-7',
27 silly addNameRange     '0.9.6-8',
27 silly addNameRange     '0.9.6-9',
27 silly addNameRange     '0.9.6-10',
27 silly addNameRange     '0.9.6-11',
27 silly addNameRange     '0.9.6-12',
27 silly addNameRange     '0.9.6-13',
27 silly addNameRange     '0.9.6-14',
27 silly addNameRange     '0.9.6-15',
27 silly addNameRange     '0.9.6-16',
27 silly addNameRange     '0.9.6-17',
27 silly addNameRange     '0.9.6-18',
27 silly addNameRange     '0.9.6-19',
27 silly addNameRange     '0.9.6-20',
27 silly addNameRange     '0.9.6-21',
27 silly addNameRange     '0.9.6-22',
27 silly addNameRange     '0.9.6-23',
27 silly addNameRange     '0.9.7',
27 silly addNameRange     '0.9.7-0',
27 silly addNameRange     '0.9.7-1',
27 silly addNameRange     '0.9.7-1.1',
27 silly addNameRange     '0.9.7-1.2',
27 silly addNameRange     '0.9.7-1.3',
27 silly addNameRange     '0.9.7-1.4',
27 silly addNameRange     '0.9.7-2',
27 silly addNameRange     '0.9.7-2-1',
27 silly addNameRange     '0.9.7-2-2',
27 silly addNameRange     '0.9.7-2-3',
27 silly addNameRange     '0.9.7-2-4',
27 silly addNameRange     '0.9.7-2-5',
27 silly addNameRange     '0.9.7-3',
27 silly addNameRange     '0.9.7-3-1',
27 silly addNameRange     '0.9.7-3-2',
27 silly addNameRange     '0.9.7-3-3',
27 silly addNameRange     '0.9.7-3-4',
27 silly addNameRange     '0.9.7-3-5',
27 silly addNameRange     '0.9.8',
27 silly addNameRange     '0.9.8-1',
27 silly addNameRange     '0.9.8-2',
27 silly addNameRange     '0.9.8-3',
27 silly addNameRange     '0.9.8-4',
27 silly addNameRange     '0.9.8-5',
27 silly addNameRange     '0.9.8-6',
27 silly addNameRange     '0.9.8-7',
27 silly addNameRange     '0.9.9',
27 silly addNameRange     '0.9.9-1',
27 silly addNameRange     '0.9.9-2',
27 silly addNameRange     '0.9.9-3',
27 silly addNameRange     '0.9.9-4',
27 silly addNameRange     '0.9.9-5',
27 silly addNameRange     '0.9.9-6',
27 silly addNameRange     '0.9.9-7',
27 silly addNameRange     '0.9.9-8',
27 silly addNameRange     '1.0.0',
27 silly addNameRange     '1.0.1',
27 silly addNameRange     '1.0.2',
27 silly addNameRange     '1.1.0-beta',
27 silly addNameRange     '1.1.0',
27 silly addNameRange     '1.1.1',
27 silly addNameRange     '1.1.2',
27 silly addNameRange     '1.1.3',
27 silly addNameRange     '1.1.4',
27 silly addNameRange     '1.1.5',
27 silly addNameRange     '1.1.6',
27 silly addNameRange     '1.1.7',
27 silly addNameRange     '1.1.8',
27 silly addNameRange     '1.1.9',
27 silly addNameRange     '1.1.10',
27 silly addNameRange     '1.1.11',
27 silly addNameRange     '1.2.0',
27 silly addNameRange     '1.2.1',
27 silly addNameRange     '1.2.2',
27 silly addNameRange     '1.2.3',
27 silly addNameRange     '1.2.4',
27 silly addNameRange     '1.2.5',
27 silly addNameRange     '1.2.6',
27 silly addNameRange     '1.2.7',
27 silly addNameRange     '1.2.8',
27 silly addNameRange     '1.2.9',
27 silly addNameRange     '1.2.10',
27 silly addNameRange     '1.2.11',
27 silly addNameRange     '1.2.12',
27 silly addNameRange     '1.2.13',
27 silly addNameRange     '1.2.14',
27 silly addNameRange     '1.3.0',
27 silly addNameRange     '1.3.1',
27 silly addNameRange     '1.3.2',
27 silly addNameRange     '1.3.3',
27 silly addNameRange     '1.3.4',
27 silly addNameRange     '1.3.5',
27 silly addNameRange     '1.3.6',
27 silly addNameRange     '1.3.7',
27 silly addNameRange     '1.3.8',
27 silly addNameRange     '1.3.9',
27 silly addNameRange     '1.3.10',
27 silly addNameRange     '1.3.11',
27 silly addNameRange     '1.3.12',
27 silly addNameRange     '1.3.14',
27 silly addNameRange     '1.3.15',
27 silly addNameRange     '1.3.17',
27 silly addNameRange     '1.3.18',
27 silly addNameRange     '1.3.19',
27 silly addNameRange     '1.4.0-rc2',
27 silly addNameRange     '1.3.20',
27 silly addNameRange     '1.4.0-rc3',
27 silly addNameRange     '1.3.21',
27 silly addNameRange     '1.3.22',
27 silly addNameRange     '1.3.23',
27 silly addNameRange     '1.4.0-rc4',
27 silly addNameRange     '1.4.0-rc5',
27 silly addNameRange     '1.4.0-rc6',
27 silly addNameRange     '1.4.0-rc7',
27 silly addNameRange     '1.4.0-rc8',
27 silly addNameRange     '1.4.0-rc9',
27 silly addNameRange     '1.4.0-rc10',
27 silly addNameRange     '1.4.0',
27 silly addNameRange     '1.4.1',
27 silly addNameRange     '1.4.2',
27 silly addNameRange     '1.4.3',
27 silly addNameRange     '1.4.4',
27 silly addNameRange     '1.4.5',
27 silly addNameRange     '1.4.6',
27 silly addNameRange     '1.4.7',
27 silly addNameRange     '1.4.8',
27 silly addNameRange     '1.4.9',
27 silly addNameRange     '1.4.10',
27 silly addNameRange     '2.0.0-alpha1',
27 silly addNameRange     '1.4.11',
27 silly addNameRange     '1.4.12',
27 silly addNameRange     '1.4.14',
27 silly addNameRange     '1.4.15',
27 silly addNameRange     '1.4.16',
27 silly addNameRange     '1.4.17',
27 silly addNameRange     '2.0.0-alpha2',
27 silly addNameRange     '1.4.18',
27 silly addNameRange     '2.0.0',
27 silly addNameRange     '2.0.1',
27 silly addNameRange     '2.0.2',
27 silly addNameRange     '1.4.19',
27 silly addNameRange     '2.0.3',
27 silly addNameRange     '2.0.4',
27 silly addNameRange     '2.0.5',
27 silly addNameRange     '2.0.6',
27 silly addNameRange     '1.4.20',
27 silly addNameRange     '1.4.22',
27 silly addNameRange     '2.0.7',
27 silly addNameRange     '2.0.8',
27 silly addNameRange     '2.0.9',
27 silly addNameRange     '1.4.23',
27 silly addNameRange     '2.0.10',
27 silly addNameRange     '1.4.24',
27 silly addNameRange     '2.0.11',
27 silly addNameRange     '1.4.25',
27 silly addNameRange     '2.0.12',
27 silly addNameRange     '1.4.26',
27 silly addNameRange     '1.4.27',
27 silly addNameRange     '1.4.28',
27 silly addNameRange     '2.0.13',
27 silly addNameRange     '2.0.14',
27 silly addNameRange     '1.4.29',
27 silly addNameRange     '2.0.15',
27 silly addNameRange     '1.4.30',
27 silly addNameRange     '2.0.16',
27 silly addNameRange     '1.4.31',
27 silly addNameRange     '2.0.17',
27 silly addNameRange     '1.4.32',
27 silly addNameRange     '2.0.18',
27 silly addNameRange     '2.0.19',
27 silly addNameRange     '1.4.33',
27 silly addNameRange     '2.0.20',
27 silly addNameRange     '2.0.21',
27 silly addNameRange     '1.4.34',
27 silly addNameRange     '2.0.22',
27 silly addNameRange     '2.0.23',
27 silly addNameRange     '1.4.35',
27 silly addNameRange     '2.0.24',
27 silly addNameRange     '2.0.25',
27 silly addNameRange     '2.0.26',
27 silly addNameRange     '2.0.27',
27 silly addNameRange     '2.0.28',
27 silly addNameRange     '2.0.29',
27 silly addNameRange     '1.4.36',
27 silly addNameRange     '2.0.30',
27 silly addNameRange     '1.4.37',
27 silly addNameRange     '2.0.31',
27 silly addNameRange     '1.4.38',
27 silly addNameRange     '2.0.32',
27 silly addNameRange     '2.0.33',
27 silly addNameRange     '2.1.0-alpha',
27 silly addNameRange     '2.0.34',
27 silly addNameRange     '2.0.35',
27 silly addNameRange     '2.0.36',
27 silly addNameRange     '2.0.37',
27 silly addNameRange     '2.0.38',
27 silly addNameRange     '2.0.39',
27 silly addNameRange     '1.4.39',
27 silly addNameRange     '2.0.40',
27 silly addNameRange     '2.0.41',
27 silly addNameRange     '2.0.42',
27 silly addNameRange     '2.0.43' ] ]
28 silly addNamed mongodb@2.0.43
29 verbose addNamed "2.0.43" is a plain semver version for mongodb
30 silly mapToRegistry name mongodb
31 silly mapToRegistry using default registry
32 silly mapToRegistry registry https://registry.npmjs.org/
33 silly mapToRegistry uri https://registry.npmjs.org/mongodb
34 verbose addRemoteTarball https://registry.npmjs.org/mongodb/-/mongodb-2.0.43.tgz not in flight; adding
35 verbose addRemoteTarball [ 'https://registry.npmjs.org/mongodb/-/mongodb-2.0.43.tgz',
35 verbose addRemoteTarball   'e90222cd33758549e6f4e126bc9f41c380d3689c' ]
36 info retry fetch attempt 1 at 10:25:36
37 info attempt registry request try #1 at 10:25:36
38 http fetch GET https://registry.npmjs.org/mongodb/-/mongodb-2.0.43.tgz
39 http fetch 200 https://registry.npmjs.org/mongodb/-/mongodb-2.0.43.tgz
40 silly fetchAndShaCheck shasum e90222cd33758549e6f4e126bc9f41c380d3689c
41 verbose addTmpTarball /var/folders/kf/jrlqvzpj2tgbhgyl_b5vpz_00000gp/T/npm-6212-f07d7599/registry.npmjs.org/mongodb/-/mongodb-2.0.43.tgz not in flight; adding
42 verbose addTmpTarball already have metadata; skipping unpack for mongodb@2.0.43
43 silly cache afterAdd mongodb@2.0.43
44 verbose afterAdd /Users/priya.bhasin/.npm/mongodb/2.0.43/package/package.json not in flight; writing
45 verbose afterAdd /Users/priya.bhasin/.npm/mongodb/2.0.43/package/package.json written
46 silly install resolved [ { name: 'mongodb',
46 silly install resolved     version: '2.0.43',
46 silly install resolved     description: 'MongoDB legacy driver emulation layer on top of mongodb-core',
46 silly install resolved     main: 'index.js',
46 silly install resolved     repository:
46 silly install resolved      { type: 'git',
46 silly install resolved        url: 'git@github.com:mongodb/node-mongodb-native.git' },
46 silly install resolved     keywords: [ 'mongodb', 'driver', 'legacy' ],
46 silly install resolved     dependencies:
46 silly install resolved      { 'mongodb-core': '1.2.12',
46 silly install resolved        'readable-stream': '1.0.31',
46 silly install resolved        'es6-promise': '2.1.1' },
46 silly install resolved     devDependencies:
46 silly install resolved      { integra: '0.1.8',
46 silly install resolved        optimist: '0.6.1',
46 silly install resolved        bson: '~0.4',
46 silly install resolved        jsdoc: '3.3.0-beta3',
46 silly install resolved        semver: '4.1.0',
46 silly install resolved        rimraf: '2.2.6',
46 silly install resolved        gleak: '0.5.0',
46 silly install resolved        'mongodb-version-manager': '^0.7.1',
46 silly install resolved        'mongodb-tools': '~1.0',
46 silly install resolved        co: '4.5.4',
46 silly install resolved        bluebird: '2.9.27' },
46 silly install resolved     author: { name: 'Christian Kvalheim' },
46 silly install resolved     license: 'Apache-2.0',
46 silly install resolved     bugs: { url: 'https://github.com/mongodb/node-mongodb-native/issues' },
46 silly install resolved     scripts: { test: 'node test/runner.js -t functional' },
46 silly install resolved     homepage: 'https://github.com/mongodb/node-mongodb-native',
46 silly install resolved     gitHead: '6c6cdd1816126796b5d81f4453f4e7150416b831',
46 silly install resolved     _id: 'mongodb@2.0.43',
46 silly install resolved     _shasum: 'e90222cd33758549e6f4e126bc9f41c380d3689c',
46 silly install resolved     _from: 'mongodb@*',
46 silly install resolved     _npmVersion: '2.11.3',
46 silly install resolved     _nodeVersion: '0.12.7',
46 silly install resolved     _npmUser: { name: 'christkv', email: 'christkv@gmail.com' },
46 silly install resolved     maintainers: [ [Object] ],
46 silly install resolved     dist:
46 silly install resolved      { shasum: 'e90222cd33758549e6f4e126bc9f41c380d3689c',
46 silly install resolved        tarball: 'http://registry.npmjs.org/mongodb/-/mongodb-2.0.43.tgz' },
46 silly install resolved     directories: {},
46 silly install resolved     _resolved: 'https://registry.npmjs.org/mongodb/-/mongodb-2.0.43.tgz' } ]
47 info install mongodb@2.0.43 into /usr/local/lib
48 info installOne mongodb@2.0.43
49 verbose installOne of mongodb to /usr/local/lib not in flight; installing
50 verbose lock using /Users/priya.bhasin/.npm/_locks/mongodb-a48d46289d3b2737.lock for /usr/local/lib/node_modules/mongodb
51 silly install write writing mongodb 2.0.43 to /usr/local/lib/node_modules/mongodb
52 verbose unbuild lib/node_modules/mongodb
53 silly gentlyRm /usr/local/lib/node_modules/mongodb is being purged from base /usr/local
54 verbose gentlyRm don't care about contents; nuking /usr/local/lib/node_modules/mongodb
55 verbose tar unpack /Users/priya.bhasin/.npm/mongodb/2.0.43/package.tgz
56 verbose tar unpacking to /usr/local/lib/node_modules/mongodb
57 silly gentlyRm /usr/local/lib/node_modules/mongodb is being purged
58 verbose gentlyRm don't care about contents; nuking /usr/local/lib/node_modules/mongodb
59 silly gunzTarPerm modes [ '755', '644' ]
60 error tar.unpack untar error /Users/priya.bhasin/.npm/mongodb/2.0.43/package.tgz
61 verbose unlock done using /Users/priya.bhasin/.npm/_locks/mongodb-a48d46289d3b2737.lock for /usr/local/lib/node_modules/mongodb
62 verbose fstream_path /usr/local/lib/node_modules/mongodb
63 verbose fstream_type Directory
64 verbose fstream_class DirWriter
65 verbose stack Error: EACCES, mkdir '/usr/local/lib/node_modules/mongodb'
65 verbose stack     at Error (native)
66 verbose fstream_stack /usr/local/lib/node_modules/npm/node_modules/fstream/lib/dir-writer.js:35:25
66 verbose fstream_stack /usr/local/lib/node_modules/npm/node_modules/mkdirp/index.js:47:53
66 verbose fstream_stack FSReqWrap.oncomplete (fs.js:95:15)
67 verbose cwd /Users/priya.bhasin/appdynamics/hackathon/bugTracker
68 error Darwin 14.5.0
69 error argv "node" "/usr/local/bin/npm" "install" "mongodb" "-g"
70 error node v0.12.7
71 error npm  v2.12.1
72 error path /usr/local/lib/node_modules/mongodb
73 error code EACCES
74 error errno -13
75 error Error: EACCES, mkdir '/usr/local/lib/node_modules/mongodb'
75 error     at Error (native)
75 error  { [Error: EACCES, mkdir '/usr/local/lib/node_modules/mongodb']
75 error   errno: -13,
75 error   code: 'EACCES',
75 error   path: '/usr/local/lib/node_modules/mongodb',
75 error   fstream_type: 'Directory',
75 error   fstream_path: '/usr/local/lib/node_modules/mongodb',
75 error   fstream_class: 'DirWriter',
75 error   fstream_stack:
75 error    [ '/usr/local/lib/node_modules/npm/node_modules/fstream/lib/dir-writer.js:35:25',
75 error      '/usr/local/lib/node_modules/npm/node_modules/mkdirp/index.js:47:53',
75 error      'FSReqWrap.oncomplete (fs.js:95:15)' ] }
76 error Please try running this command again as root/Administrator.
77 verbose exit [ -13, true ]
78 verbose unbuild lib/node_modules/mongodb
79 silly gentlyRm /usr/local/lib/node_modules/mongodb is being purged from base /usr/local
80 verbose gentlyRm don't care about contents; nuking /usr/local/lib/node_modules/mongodb
